<?xml version="1.0" encoding="utf-8"?><testsuites name="pytest tests"><testsuite name="pytest" errors="0" failures="0" skipped="0" tests="20" time="24.087" timestamp="2026-05-02T03:02:50.588860+00:00" hostname="agent-env-0a01f819-1b73-441a-8e31-b27e4c160b3b"><testcase classname="backend.tests.test_slabby_api.TestAuth" name="test_register_new_user" time="0.425" /><testcase classname="backend.tests.test_slabby_api.TestAuth" name="test_register_duplicate" time="0.107" /><testcase classname="backend.tests.test_slabby_api.TestAuth" name="test_login_demo" time="0.334" /><testcase classname="backend.tests.test_slabby_api.TestAuth" name="test_login_invalid" time="0.330" /><testcase classname="backend.tests.test_slabby_api.TestAuth" name="test_me_with_token" time="0.105" /><testcase classname="backend.tests.test_slabby_api.TestAuth" name="test_cards_mine_unauth" time="0.136" /><testcase classname="backend.tests.test_slabby_api.TestMarket" name="test_ticker" time="0.107" /><testcase classname="backend.tests.test_slabby_api.TestCards" name="test_my_cards_demo" time="0.131" /><testcase classname="backend.tests.test_slabby_api.TestCards" name="test_add_card_low_value_rejected" time="0.106" /><testcase classname="backend.tests.test_slabby_api.TestCards" name="test_add_card_valid" time="0.242" /><testcase classname="backend.tests.test_slabby_api.TestCards" name="test_listings" time="0.104" /><testcase classname="backend.tests.test_slabby_api.TestCards" name="test_listings_filter_sport" time="0.126" /><testcase classname="backend.tests.test_slabby_api.TestCards" name="test_patch_card_only_owner" time="0.839" /><testcase classname="backend.tests.test_slabby_api.TestTrades" name="test_full_trade_accept_flow" time="1.656" /><testcase classname="backend.tests.test_slabby_api.TestTrades" name="test_reject_trade" time="0.502" /><testcase classname="backend.tests.test_slabby_api.TestAI" name="test_fair_score" time="5.201" /><testcase classname="backend.tests.test_slabby_api.TestAI" name="test_ai_match" time="6.499" /><testcase classname="backend.tests.test_slabby_api.TestAI" name="test_ai_comps" time="6.683" /><testcase classname="backend.tests.test_slabby_api.TestPortfolio" name="test_analytics" time="0.135" /><testcase classname="backend.tests.test_slabby_api.TestPortfolio" name="test_user_profile" time="0.217" /></testsuite></testsuites>